07/03/2018-12:38:12,856 | INFO [class br.com.sinergia.controller.fxml.main] : SELECT CODUSU, NOMEUSU FROM TSIUSU WHERE CODUSU = 0 
07/03/2018-12:38:12,981 | INFO [class br.com.sinergia.database.conector.DBConn] : DB SourceConnection: ResulSet criado em 47 milisegundo(s) 
07/03/2018-12:38:13,009 | INFO [class br.com.sinergia.controller.fxml.main] : 0 - SUP 
07/03/2018-13:17:46,414 | INFO [class br.com.sinergia.controller.fxml.main] : SELECT CODUSU, NOMEUSU FROM TSIUSU WHERE CODUSU = 0 
07/03/2018-13:17:46,540 | INFO [class br.com.sinergia.database.conector.DBConn] : DB SourceConnection: ResulSet criado em 49 milisegundo(s) 
07/03/2018-13:17:46,589 | INFO [class br.com.sinergia.controller.fxml.main] : 0 - SUP 
07/03/2018-13:20:07,743 | ERROR [class br.com.sinergia.controller.fxml.main] : Erro ao tentar conectar com banco de dados
Nome para clientInfo inválido ou não suportado. 
java.sql.SQLClientInfoException: Nome para clientInfo inválido ou não suportado.
	at oracle.jdbc.driver.PhysicalConnection.setClientInfoInternal(PhysicalConnection.java:11618)
	at oracle.jdbc.driver.PhysicalConnection.setClientInfo(PhysicalConnection.java:11547)
	at br.com.sinergia.database.conector.DBConn.conecta(DBConn.java:56)
	at br.com.sinergia.database.conector.DBConn.<init>(DBConn.java:26)
	at br.com.sinergia.controller.fxml.main.start(main.java:32)
	at com.sun.javafx.application.LauncherImpl.lambda$launchApplication1$161(LauncherImpl.java:863)
	at com.sun.javafx.application.PlatformImpl.lambda$runAndWait$174(PlatformImpl.java:326)
	at com.sun.javafx.application.PlatformImpl.lambda$null$172(PlatformImpl.java:295)
	at java.security.AccessController.doPrivileged(Native Method)
	at com.sun.javafx.application.PlatformImpl.lambda$runLater$173(PlatformImpl.java:294)
	at com.sun.glass.ui.InvokeLaterDispatcher$Future.run(InvokeLaterDispatcher.java:95)
	at com.sun.glass.ui.win.WinApplication._runLoop(Native Method)
	at com.sun.glass.ui.win.WinApplication.lambda$null$147(WinApplication.java:177)
	at java.lang.Thread.run(Thread.java:748)
07/03/2018-13:23:03,832 | ERROR [class br.com.sinergia.controller.fxml.main] : Erro ao tentar conectar com banco de dados
Nome para clientInfo inválido ou não suportado. 
java.sql.SQLClientInfoException: Nome para clientInfo inválido ou não suportado.
	at oracle.jdbc.driver.PhysicalConnection.setClientInfoInternal(PhysicalConnection.java:11618)
	at oracle.jdbc.driver.PhysicalConnection.setClientInfo(PhysicalConnection.java:11547)
	at br.com.sinergia.database.conector.DBConn.conecta(DBConn.java:63)
	at br.com.sinergia.database.conector.DBConn.<init>(DBConn.java:27)
	at br.com.sinergia.controller.fxml.main.start(main.java:32)
	at com.sun.javafx.application.LauncherImpl.lambda$launchApplication1$161(LauncherImpl.java:863)
	at com.sun.javafx.application.PlatformImpl.lambda$runAndWait$174(PlatformImpl.java:326)
	at com.sun.javafx.application.PlatformImpl.lambda$null$172(PlatformImpl.java:295)
	at java.security.AccessController.doPrivileged(Native Method)
	at com.sun.javafx.application.PlatformImpl.lambda$runLater$173(PlatformImpl.java:294)
	at com.sun.glass.ui.InvokeLaterDispatcher$Future.run(InvokeLaterDispatcher.java:95)
	at com.sun.glass.ui.win.WinApplication._runLoop(Native Method)
	at com.sun.glass.ui.win.WinApplication.lambda$null$147(WinApplication.java:177)
	at java.lang.Thread.run(Thread.java:748)
07/03/2018-13:23:13,643 | INFO [class br.com.sinergia.controller.fxml.main] : SELECT CODUSU, NOMEUSU FROM TSIUSU WHERE CODUSU = 0 
07/03/2018-13:23:13,773 | INFO [class br.com.sinergia.database.conector.DBConn] : DB SourceConnection: ResulSet criado em 50 milisegundo(s) 
07/03/2018-13:23:13,824 | INFO [class br.com.sinergia.controller.fxml.main] : 0 - SUP 
07/03/2018-13:24:07,911 | INFO [class br.com.sinergia.controller.fxml.main] : SELECT CODUSU, NOMEUSU FROM TSIUSU WHERE CODUSU = 0 
07/03/2018-13:24:08,031 | INFO [class br.com.sinergia.database.conector.DBConn] : DB SourceConnection: ResulSet criado em 46 milisegundo(s) 
07/03/2018-13:24:08,058 | INFO [class br.com.sinergia.controller.fxml.main] : 0 - SUP 
07/03/2018-13:26:32,888 | INFO [class br.com.sinergia.controller.fxml.main] : SELECT CODUSU, NOMEUSU FROM TSIUSU WHERE CODUSU = 0 
07/03/2018-13:26:33,010 | INFO [class br.com.sinergia.database.conector.DBConn] : DB SourceConnection: ResulSet criado em 47 milisegundo(s) 
07/03/2018-13:26:33,038 | INFO [class br.com.sinergia.controller.fxml.main] : 0 - SUP 
07/03/2018-13:27:23,972 | INFO [class br.com.sinergia.controller.fxml.main] : SELECT CODUSU, NOMEUSU FROM TSIUSU WHERE CODUSU = 0 
07/03/2018-13:27:24,093 | INFO [class br.com.sinergia.database.conector.DBConn] : DB SourceConnection: ResulSet criado em 46 milisegundo(s) 
07/03/2018-13:27:24,120 | INFO [class br.com.sinergia.controller.fxml.main] : 0 - SUP 
07/03/2018-13:27:30,939 | INFO [class br.com.sinergia.controller.fxml.main] : SELECT CODUSU, NOMEUSU FROM TSIUSU WHERE CODUSU = 0 
07/03/2018-13:27:31,062 | INFO [class br.com.sinergia.database.conector.DBConn] : DB SourceConnection: ResulSet criado em 47 milisegundo(s) 
07/03/2018-13:27:31,092 | INFO [class br.com.sinergia.controller.fxml.main] : 0 - SUP 
07/03/2018-13:28:24,457 | INFO [class br.com.sinergia.controller.fxml.main] : SELECT CODUSU, NOMEUSU FROM TSIUSU WHERE CODUSU = 0 
07/03/2018-13:28:24,588 | INFO [class br.com.sinergia.database.conector.DBConn] : DB SourceConnection: ResulSet criado em 52 milisegundo(s) 
07/03/2018-13:28:24,618 | INFO [class br.com.sinergia.controller.fxml.main] : 0 - SUP 
07/03/2018-13:29:27,715 | INFO [class br.com.sinergia.controller.fxml.main] : SELECT CODUSU, NOMEUSU FROM TSIUSU WHERE CODUSU = 0 
07/03/2018-13:29:27,722 | ERROR [class br.com.sinergia.controller.fxml.main] : Erro ao tentar conectar com banco de dados
null 
java.lang.NullPointerException
	at br.com.sinergia.database.conector.DBConn.<init>(DBConn.java:33)
	at br.com.sinergia.controller.fxml.main.start(main.java:32)
	at com.sun.javafx.application.LauncherImpl.lambda$launchApplication1$161(LauncherImpl.java:863)
	at com.sun.javafx.application.PlatformImpl.lambda$runAndWait$174(PlatformImpl.java:326)
	at com.sun.javafx.application.PlatformImpl.lambda$null$172(PlatformImpl.java:295)
	at java.security.AccessController.doPrivileged(Native Method)
	at com.sun.javafx.application.PlatformImpl.lambda$runLater$173(PlatformImpl.java:294)
	at com.sun.glass.ui.InvokeLaterDispatcher$Future.run(InvokeLaterDispatcher.java:95)
	at com.sun.glass.ui.win.WinApplication._runLoop(Native Method)
	at com.sun.glass.ui.win.WinApplication.lambda$null$147(WinApplication.java:177)
	at java.lang.Thread.run(Thread.java:748)
07/03/2018-13:29:47,456 | INFO [class br.com.sinergia.controller.fxml.main] : SELECT CODUSU, NOMEUSU FROM TSIUSU WHERE CODUSU = 0 
07/03/2018-13:29:47,462 | ERROR [class br.com.sinergia.controller.fxml.main] : Erro ao tentar conectar com banco de dados
null 
java.lang.NullPointerException
	at br.com.sinergia.database.conector.DBConn.<init>(DBConn.java:33)
	at br.com.sinergia.controller.fxml.main.start(main.java:32)
	at com.sun.javafx.application.LauncherImpl.lambda$launchApplication1$161(LauncherImpl.java:863)
	at com.sun.javafx.application.PlatformImpl.lambda$runAndWait$174(PlatformImpl.java:326)
	at com.sun.javafx.application.PlatformImpl.lambda$null$172(PlatformImpl.java:295)
	at java.security.AccessController.doPrivileged(Native Method)
	at com.sun.javafx.application.PlatformImpl.lambda$runLater$173(PlatformImpl.java:294)
	at com.sun.glass.ui.InvokeLaterDispatcher$Future.run(InvokeLaterDispatcher.java:95)
	at com.sun.glass.ui.win.WinApplication._runLoop(Native Method)
	at com.sun.glass.ui.win.WinApplication.lambda$null$147(WinApplication.java:177)
	at java.lang.Thread.run(Thread.java:748)
07/03/2018-13:30:13,482 | INFO [class br.com.sinergia.controller.fxml.main] : SELECT CODUSU, NOMEUSU FROM TSIUSU WHERE CODUSU = 0 
07/03/2018-13:30:13,488 | ERROR [class br.com.sinergia.controller.fxml.main] : Erro ao tentar conectar com banco de dados
java.lang.NullPointerException 
java.lang.NullPointerException
	at br.com.sinergia.database.conector.DBConn.<init>(DBConn.java:33)
	at br.com.sinergia.controller.fxml.main.start(main.java:32)
	at com.sun.javafx.application.LauncherImpl.lambda$launchApplication1$161(LauncherImpl.java:863)
	at com.sun.javafx.application.PlatformImpl.lambda$runAndWait$174(PlatformImpl.java:326)
	at com.sun.javafx.application.PlatformImpl.lambda$null$172(PlatformImpl.java:295)
	at java.security.AccessController.doPrivileged(Native Method)
	at com.sun.javafx.application.PlatformImpl.lambda$runLater$173(PlatformImpl.java:294)
	at com.sun.glass.ui.InvokeLaterDispatcher$Future.run(InvokeLaterDispatcher.java:95)
	at com.sun.glass.ui.win.WinApplication._runLoop(Native Method)
	at com.sun.glass.ui.win.WinApplication.lambda$null$147(WinApplication.java:177)
	at java.lang.Thread.run(Thread.java:748)
07/03/2018-13:30:43,993 | INFO [class br.com.sinergia.controller.fxml.main] : SELECT CODUSU, NOMEUSU FROM TSIUSU WHERE CODUSU = 0 
07/03/2018-13:30:43,999 | ERROR [class br.com.sinergia.controller.fxml.main] : Erro ao tentar conectar com banco de dados
java.lang.NullPointerException 
java.lang.NullPointerException
	at br.com.sinergia.database.conector.DBConn.<init>(DBConn.java:33)
	at br.com.sinergia.controller.fxml.main.start(main.java:32)
	at com.sun.javafx.application.LauncherImpl.lambda$launchApplication1$161(LauncherImpl.java:863)
	at com.sun.javafx.application.PlatformImpl.lambda$runAndWait$174(PlatformImpl.java:326)
	at com.sun.javafx.application.PlatformImpl.lambda$null$172(PlatformImpl.java:295)
	at java.security.AccessController.doPrivileged(Native Method)
	at com.sun.javafx.application.PlatformImpl.lambda$runLater$173(PlatformImpl.java:294)
	at com.sun.glass.ui.InvokeLaterDispatcher$Future.run(InvokeLaterDispatcher.java:95)
	at com.sun.glass.ui.win.WinApplication._runLoop(Native Method)
	at com.sun.glass.ui.win.WinApplication.lambda$null$147(WinApplication.java:177)
	at java.lang.Thread.run(Thread.java:748)
07/03/2018-13:31:56,428 | INFO [class br.com.sinergia.controller.fxml.main] : SELECT CODUSU, NOMEUSU FROM TSIUSU WHERE CODUSU = 0 
07/03/2018-13:31:56,435 | ERROR [class br.com.sinergia.controller.fxml.main] : Erro ao tentar conectar com banco de dados
java.lang.NullPointerException 
java.lang.NullPointerException
	at br.com.sinergia.database.conector.DBConn.<init>(DBConn.java:34)
	at br.com.sinergia.controller.fxml.main.start(main.java:32)
	at com.sun.javafx.application.LauncherImpl.lambda$launchApplication1$161(LauncherImpl.java:863)
	at com.sun.javafx.application.PlatformImpl.lambda$runAndWait$174(PlatformImpl.java:326)
	at com.sun.javafx.application.PlatformImpl.lambda$null$172(PlatformImpl.java:295)
	at java.security.AccessController.doPrivileged(Native Method)
	at com.sun.javafx.application.PlatformImpl.lambda$runLater$173(PlatformImpl.java:294)
	at com.sun.glass.ui.InvokeLaterDispatcher$Future.run(InvokeLaterDispatcher.java:95)
	at com.sun.glass.ui.win.WinApplication._runLoop(Native Method)
	at com.sun.glass.ui.win.WinApplication.lambda$null$147(WinApplication.java:177)
	at java.lang.Thread.run(Thread.java:748)
07/03/2018-13:32:07,425 | INFO [class br.com.sinergia.controller.fxml.main] : SELECT CODUSU, NOMEUSU FROM TSIUSU WHERE CODUSU = 0 
07/03/2018-13:32:07,432 | ERROR [class br.com.sinergia.controller.fxml.main] : Erro ao tentar conectar com banco de dados
java.lang.NullPointerException 
java.lang.NullPointerException
	at br.com.sinergia.database.conector.DBConn.<init>(DBConn.java:34)
	at br.com.sinergia.controller.fxml.main.start(main.java:32)
	at com.sun.javafx.application.LauncherImpl.lambda$launchApplication1$161(LauncherImpl.java:863)
	at com.sun.javafx.application.PlatformImpl.lambda$runAndWait$174(PlatformImpl.java:326)
	at com.sun.javafx.application.PlatformImpl.lambda$null$172(PlatformImpl.java:295)
	at java.security.AccessController.doPrivileged(Native Method)
	at com.sun.javafx.application.PlatformImpl.lambda$runLater$173(PlatformImpl.java:294)
	at com.sun.glass.ui.InvokeLaterDispatcher$Future.run(InvokeLaterDispatcher.java:95)
	at com.sun.glass.ui.win.WinApplication._runLoop(Native Method)
	at com.sun.glass.ui.win.WinApplication.lambda$null$147(WinApplication.java:177)
	at java.lang.Thread.run(Thread.java:748)
07/03/2018-13:32:15,882 | INFO [class br.com.sinergia.controller.fxml.main] : SELECT CODUSU, NOMEUSU FROM TSIUSU WHERE CODUSU = 0 
07/03/2018-13:32:15,889 | ERROR [class br.com.sinergia.controller.fxml.main] : Erro ao tentar conectar com banco de dados
java.lang.NullPointerException 
java.lang.NullPointerException
	at br.com.sinergia.database.conector.DBConn.<init>(DBConn.java:34)
	at br.com.sinergia.controller.fxml.main.start(main.java:32)
	at com.sun.javafx.application.LauncherImpl.lambda$launchApplication1$161(LauncherImpl.java:863)
	at com.sun.javafx.application.PlatformImpl.lambda$runAndWait$174(PlatformImpl.java:326)
	at com.sun.javafx.application.PlatformImpl.lambda$null$172(PlatformImpl.java:295)
	at java.security.AccessController.doPrivileged(Native Method)
	at com.sun.javafx.application.PlatformImpl.lambda$runLater$173(PlatformImpl.java:294)
	at com.sun.glass.ui.InvokeLaterDispatcher$Future.run(InvokeLaterDispatcher.java:95)
	at com.sun.glass.ui.win.WinApplication._runLoop(Native Method)
	at com.sun.glass.ui.win.WinApplication.lambda$null$147(WinApplication.java:177)
	at java.lang.Thread.run(Thread.java:748)
07/03/2018-13:32:28,676 | INFO [class br.com.sinergia.controller.fxml.main] : SELECT CODUSU, NOMEUSU FROM TSIUSU WHERE CODUSU = 0 
07/03/2018-13:32:28,682 | ERROR [class br.com.sinergia.controller.fxml.main] : Erro ao tentar conectar com banco de dados
java.lang.NullPointerException 
java.lang.NullPointerException
	at br.com.sinergia.database.conector.DBConn.<init>(DBConn.java:34)
	at br.com.sinergia.controller.fxml.main.start(main.java:32)
	at com.sun.javafx.application.LauncherImpl.lambda$launchApplication1$161(LauncherImpl.java:863)
	at com.sun.javafx.application.PlatformImpl.lambda$runAndWait$174(PlatformImpl.java:326)
	at com.sun.javafx.application.PlatformImpl.lambda$null$172(PlatformImpl.java:295)
	at java.security.AccessController.doPrivileged(Native Method)
	at com.sun.javafx.application.PlatformImpl.lambda$runLater$173(PlatformImpl.java:294)
	at com.sun.glass.ui.InvokeLaterDispatcher$Future.run(InvokeLaterDispatcher.java:95)
	at com.sun.glass.ui.win.WinApplication._runLoop(Native Method)
	at com.sun.glass.ui.win.WinApplication.lambda$null$147(WinApplication.java:177)
	at java.lang.Thread.run(Thread.java:748)
07/03/2018-13:33:33,450 | INFO [class br.com.sinergia.controller.fxml.main] : SELECT CODUSU, NOMEUSU FROM TSIUSU WHERE CODUSU = 0 
07/03/2018-13:33:33,458 | ERROR [class br.com.sinergia.controller.fxml.main] : Erro ao tentar conectar com banco de dados
java.lang.NullPointerException 
java.lang.NullPointerException
	at br.com.sinergia.database.conector.DBConn.<init>(DBConn.java:33)
	at br.com.sinergia.controller.fxml.main.start(main.java:32)
	at com.sun.javafx.application.LauncherImpl.lambda$launchApplication1$161(LauncherImpl.java:863)
	at com.sun.javafx.application.PlatformImpl.lambda$runAndWait$174(PlatformImpl.java:326)
	at com.sun.javafx.application.PlatformImpl.lambda$null$172(PlatformImpl.java:295)
	at java.security.AccessController.doPrivileged(Native Method)
	at com.sun.javafx.application.PlatformImpl.lambda$runLater$173(PlatformImpl.java:294)
	at com.sun.glass.ui.InvokeLaterDispatcher$Future.run(InvokeLaterDispatcher.java:95)
	at com.sun.glass.ui.win.WinApplication._runLoop(Native Method)
	at com.sun.glass.ui.win.WinApplication.lambda$null$147(WinApplication.java:177)
	at java.lang.Thread.run(Thread.java:748)
07/03/2018-13:34:19,467 | INFO [class br.com.sinergia.controller.fxml.main] : SELECT CODUSU, NOMEUSU FROM TSIUSU WHERE CODUSU = 0 
07/03/2018-13:34:19,589 | INFO [class br.com.sinergia.database.conector.DBConn] : DB SourceConnection: ResulSet criado em 47 milisegundo(s) 
07/03/2018-13:34:19,616 | INFO [class br.com.sinergia.controller.fxml.main] : 0 - SUP 
07/03/2018-13:34:25,771 | INFO [class br.com.sinergia.controller.fxml.main] : SELECT CODUSU, NOMEUSU FROM TSIUSU WHERE CODUSU = 0 
07/03/2018-13:34:25,896 | INFO [class br.com.sinergia.database.conector.DBConn] : DB SourceConnection: ResulSet criado em 49 milisegundo(s) 
07/03/2018-13:34:25,924 | INFO [class br.com.sinergia.controller.fxml.main] : 0 - SUP 
07/03/2018-13:34:46,688 | INFO [class br.com.sinergia.controller.fxml.main] : SELECT CODUSU, NOMEUSU FROM TSIUSU WHERE CODUSU = 0 
07/03/2018-13:34:46,811 | INFO [class br.com.sinergia.database.conector.DBConn] : DB SourceConnection: ResulSet criado em 47 milisegundo(s) 
07/03/2018-13:34:46,841 | INFO [class br.com.sinergia.controller.fxml.main] : 0 - SUP 
07/03/2018-13:37:51,572 | INFO [class br.com.sinergia.controller.fxml.main] : SELECT CODUSU, NOMEUSU FROM TSIUSU WHERE CODUSU = 0 
07/03/2018-13:37:51,697 | INFO [class br.com.sinergia.database.conector.DBConn] : DB SourceConnection: ResulSet criado em 48 milisegundo(s) 
07/03/2018-13:37:51,733 | INFO [class br.com.sinergia.controller.fxml.main] : 0 - SUP 
07/03/2018-13:40:48,166 | ERROR [class br.com.sinergia.controller.fxml.main] : Erro ao tentar conectar com banco de dados
java.sql.SQLClientInfoException: Nome para clientInfo inválido ou não suportado. 
java.sql.SQLClientInfoException: Nome para clientInfo inválido ou não suportado.
	at oracle.jdbc.driver.PhysicalConnection.setClientInfoInternal(PhysicalConnection.java:11618)
	at oracle.jdbc.driver.PhysicalConnection.setClientInfo(PhysicalConnection.java:11547)
	at br.com.sinergia.database.conector.DBConn.conecta(DBConn.java:63)
	at br.com.sinergia.database.conector.DBConn.<init>(DBConn.java:27)
	at br.com.sinergia.controller.fxml.main.start(main.java:32)
	at com.sun.javafx.application.LauncherImpl.lambda$launchApplication1$161(LauncherImpl.java:863)
	at com.sun.javafx.application.PlatformImpl.lambda$runAndWait$174(PlatformImpl.java:326)
	at com.sun.javafx.application.PlatformImpl.lambda$null$172(PlatformImpl.java:295)
	at java.security.AccessController.doPrivileged(Native Method)
	at com.sun.javafx.application.PlatformImpl.lambda$runLater$173(PlatformImpl.java:294)
	at com.sun.glass.ui.InvokeLaterDispatcher$Future.run(InvokeLaterDispatcher.java:95)
	at com.sun.glass.ui.win.WinApplication._runLoop(Native Method)
	at com.sun.glass.ui.win.WinApplication.lambda$null$147(WinApplication.java:177)
	at java.lang.Thread.run(Thread.java:748)
07/03/2018-13:43:33,881 | ERROR [class br.com.sinergia.controller.fxml.main] : Erro ao tentar conectar com banco de dados
java.sql.SQLClientInfoException: Nome para clientInfo inválido ou não suportado. 
java.sql.SQLClientInfoException: Nome para clientInfo inválido ou não suportado.
	at oracle.jdbc.driver.PhysicalConnection.setClientInfoInternal(PhysicalConnection.java:11618)
	at oracle.jdbc.driver.PhysicalConnection.setClientInfo(PhysicalConnection.java:11547)
	at br.com.sinergia.database.conector.DBConn.conecta(DBConn.java:63)
	at br.com.sinergia.database.conector.DBConn.<init>(DBConn.java:27)
	at br.com.sinergia.controller.fxml.main.start(main.java:32)
	at com.sun.javafx.application.LauncherImpl.lambda$launchApplication1$161(LauncherImpl.java:863)
	at com.sun.javafx.application.PlatformImpl.lambda$runAndWait$174(PlatformImpl.java:326)
	at com.sun.javafx.application.PlatformImpl.lambda$null$172(PlatformImpl.java:295)
	at java.security.AccessController.doPrivileged(Native Method)
	at com.sun.javafx.application.PlatformImpl.lambda$runLater$173(PlatformImpl.java:294)
	at com.sun.glass.ui.InvokeLaterDispatcher$Future.run(InvokeLaterDispatcher.java:95)
	at com.sun.glass.ui.win.WinApplication._runLoop(Native Method)
	at com.sun.glass.ui.win.WinApplication.lambda$null$147(WinApplication.java:177)
	at java.lang.Thread.run(Thread.java:748)
07/03/2018-13:43:35,873 | ERROR [class br.com.sinergia.controller.fxml.main] : Erro ao tentar conectar com banco de dados
java.sql.SQLClientInfoException: Nome para clientInfo inválido ou não suportado. 
java.sql.SQLClientInfoException: Nome para clientInfo inválido ou não suportado.
	at oracle.jdbc.driver.PhysicalConnection.setClientInfoInternal(PhysicalConnection.java:11618)
	at oracle.jdbc.driver.PhysicalConnection.setClientInfo(PhysicalConnection.java:11547)
	at br.com.sinergia.database.conector.DBConn.conecta(DBConn.java:63)
	at br.com.sinergia.database.conector.DBConn.<init>(DBConn.java:27)
	at br.com.sinergia.controller.fxml.main.start(main.java:32)
	at com.sun.javafx.application.LauncherImpl.lambda$launchApplication1$161(LauncherImpl.java:863)
	at com.sun.javafx.application.PlatformImpl.lambda$runAndWait$174(PlatformImpl.java:326)
	at com.sun.javafx.application.PlatformImpl.lambda$null$172(PlatformImpl.java:295)
	at java.security.AccessController.doPrivileged(Native Method)
	at com.sun.javafx.application.PlatformImpl.lambda$runLater$173(PlatformImpl.java:294)
	at com.sun.glass.ui.InvokeLaterDispatcher$Future.run(InvokeLaterDispatcher.java:95)
	at com.sun.glass.ui.win.WinApplication._runLoop(Native Method)
	at com.sun.glass.ui.win.WinApplication.lambda$null$147(WinApplication.java:177)
	at java.lang.Thread.run(Thread.java:748)
07/03/2018-13:43:50,401 | ERROR [class br.com.sinergia.controller.fxml.main] : Erro ao tentar conectar com banco de dados
java.sql.SQLClientInfoException: Nome para clientInfo inválido ou não suportado. 
java.sql.SQLClientInfoException: Nome para clientInfo inválido ou não suportado.
	at oracle.jdbc.driver.PhysicalConnection.setClientInfoInternal(PhysicalConnection.java:11618)
	at oracle.jdbc.driver.PhysicalConnection.setClientInfo(PhysicalConnection.java:11547)
	at br.com.sinergia.database.conector.DBConn.conecta(DBConn.java:63)
	at br.com.sinergia.database.conector.DBConn.<init>(DBConn.java:27)
	at br.com.sinergia.controller.fxml.main.start(main.java:32)
	at com.sun.javafx.application.LauncherImpl.lambda$launchApplication1$161(LauncherImpl.java:863)
	at com.sun.javafx.application.PlatformImpl.lambda$runAndWait$174(PlatformImpl.java:326)
	at com.sun.javafx.application.PlatformImpl.lambda$null$172(PlatformImpl.java:295)
	at java.security.AccessController.doPrivileged(Native Method)
	at com.sun.javafx.application.PlatformImpl.lambda$runLater$173(PlatformImpl.java:294)
	at com.sun.glass.ui.InvokeLaterDispatcher$Future.run(InvokeLaterDispatcher.java:95)
	at com.sun.glass.ui.win.WinApplication._runLoop(Native Method)
	at com.sun.glass.ui.win.WinApplication.lambda$null$147(WinApplication.java:177)
	at java.lang.Thread.run(Thread.java:748)
07/03/2018-13:45:13,271 | ERROR [class br.com.sinergia.controller.fxml.main] : Erro ao tentar conectar com banco de dados
java.sql.SQLClientInfoException: Nome para clientInfo inválido ou não suportado. 
java.sql.SQLClientInfoException: Nome para clientInfo inválido ou não suportado.
	at oracle.jdbc.driver.PhysicalConnection.setClientInfoInternal(PhysicalConnection.java:11618)
	at oracle.jdbc.driver.PhysicalConnection.setClientInfo(PhysicalConnection.java:11547)
	at br.com.sinergia.database.conector.DBConn.conecta(DBConn.java:62)
	at br.com.sinergia.database.conector.DBConn.<init>(DBConn.java:27)
	at br.com.sinergia.controller.fxml.main.start(main.java:32)
	at com.sun.javafx.application.LauncherImpl.lambda$launchApplication1$161(LauncherImpl.java:863)
	at com.sun.javafx.application.PlatformImpl.lambda$runAndWait$174(PlatformImpl.java:326)
	at com.sun.javafx.application.PlatformImpl.lambda$null$172(PlatformImpl.java:295)
	at java.security.AccessController.doPrivileged(Native Method)
	at com.sun.javafx.application.PlatformImpl.lambda$runLater$173(PlatformImpl.java:294)
	at com.sun.glass.ui.InvokeLaterDispatcher$Future.run(InvokeLaterDispatcher.java:95)
	at com.sun.glass.ui.win.WinApplication._runLoop(Native Method)
	at com.sun.glass.ui.win.WinApplication.lambda$null$147(WinApplication.java:177)
	at java.lang.Thread.run(Thread.java:748)
07/03/2018-13:45:20,947 | ERROR [class br.com.sinergia.controller.fxml.main] : Erro ao tentar conectar com banco de dados
java.sql.SQLClientInfoException: Nome para clientInfo inválido ou não suportado. 
java.sql.SQLClientInfoException: Nome para clientInfo inválido ou não suportado.
	at oracle.jdbc.driver.PhysicalConnection.setClientInfoInternal(PhysicalConnection.java:11618)
	at oracle.jdbc.driver.PhysicalConnection.setClientInfo(PhysicalConnection.java:11547)
	at br.com.sinergia.database.conector.DBConn.conecta(DBConn.java:62)
	at br.com.sinergia.database.conector.DBConn.<init>(DBConn.java:27)
	at br.com.sinergia.controller.fxml.main.start(main.java:32)
	at com.sun.javafx.application.LauncherImpl.lambda$launchApplication1$161(LauncherImpl.java:863)
	at com.sun.javafx.application.PlatformImpl.lambda$runAndWait$174(PlatformImpl.java:326)
	at com.sun.javafx.application.PlatformImpl.lambda$null$172(PlatformImpl.java:295)
	at java.security.AccessController.doPrivileged(Native Method)
	at com.sun.javafx.application.PlatformImpl.lambda$runLater$173(PlatformImpl.java:294)
	at com.sun.glass.ui.InvokeLaterDispatcher$Future.run(InvokeLaterDispatcher.java:95)
	at com.sun.glass.ui.win.WinApplication._runLoop(Native Method)
	at com.sun.glass.ui.win.WinApplication.lambda$null$147(WinApplication.java:177)
	at java.lang.Thread.run(Thread.java:748)
07/03/2018-13:46:09,587 | INFO [class br.com.sinergia.controller.fxml.main] : SELECT CODUSU, NOMEUSU FROM TSIUSU WHERE CODUSU = 0 
07/03/2018-13:46:09,711 | INFO [class br.com.sinergia.database.conector.DBConn] : DB SourceConnection: ResulSet criado em 49 milisegundo(s) 
07/03/2018-13:46:09,743 | INFO [class br.com.sinergia.controller.fxml.main] : 0 - SUP 
07/03/2018-13:46:30,611 | INFO [class br.com.sinergia.controller.fxml.main] : SELECT CODUSU, NOMEUSU FROM TSIUSU WHERE CODUSU = 0 
07/03/2018-13:46:30,733 | INFO [class br.com.sinergia.database.conector.DBConn] : DB SourceConnection: ResulSet criado em 47 milisegundo(s) 
07/03/2018-13:46:30,761 | INFO [class br.com.sinergia.controller.fxml.main] : 0 - SUP 
07/03/2018-13:48:18,165 | INFO [class br.com.sinergia.controller.fxml.main] : SELECT CODUSU, NOMEUSU FROM TSIUSU WHERE CODUSU = 1 
07/03/2018-13:48:18,297 | INFO [class br.com.sinergia.database.conector.DBConn] : DB SourceConnection: ResulSet criado em 52 milisegundo(s) 
07/03/2018-13:48:18,305 | ERROR [class br.com.sinergia.controller.fxml.main] : Erro ao tentar conectar com banco de dados
java.sql.SQLException: Conjunto de resultados após a última linha 
java.sql.SQLException: Conjunto de resultados após a última linha
	at oracle.jdbc.driver.GeneratedScrollableResultSet.getString(GeneratedScrollableResultSet.java:879)
	at br.com.sinergia.controller.fxml.main.start(main.java:37)
	at com.sun.javafx.application.LauncherImpl.lambda$launchApplication1$161(LauncherImpl.java:863)
	at com.sun.javafx.application.PlatformImpl.lambda$runAndWait$174(PlatformImpl.java:326)
	at com.sun.javafx.application.PlatformImpl.lambda$null$172(PlatformImpl.java:295)
	at java.security.AccessController.doPrivileged(Native Method)
	at com.sun.javafx.application.PlatformImpl.lambda$runLater$173(PlatformImpl.java:294)
	at com.sun.glass.ui.InvokeLaterDispatcher$Future.run(InvokeLaterDispatcher.java:95)
	at com.sun.glass.ui.win.WinApplication._runLoop(Native Method)
	at com.sun.glass.ui.win.WinApplication.lambda$null$147(WinApplication.java:177)
	at java.lang.Thread.run(Thread.java:748)
07/03/2018-13:52:24,929 | INFO [class br.com.sinergia.controller.fxml.main] : SELECT CODUSU, NOMEUSU FROM TSIUSU WHERE CODUSU = 1 
07/03/2018-13:52:25,053 | INFO [class br.com.sinergia.database.conector.DBConn] : DB SourceConnection: ResulSet criado em 47 milisegundo(s) 
07/03/2018-13:52:25,062 | ERROR [class br.com.sinergia.controller.fxml.main] : Erro ao tentar conectar com banco de dados
java.sql.SQLException: Conjunto de resultados após a última linha 
java.sql.SQLException: Conjunto de resultados após a última linha
	at oracle.jdbc.driver.GeneratedScrollableResultSet.getString(GeneratedScrollableResultSet.java:879)
	at br.com.sinergia.controller.fxml.main.start(main.java:37)
	at com.sun.javafx.application.LauncherImpl.lambda$launchApplication1$161(LauncherImpl.java:863)
	at com.sun.javafx.application.PlatformImpl.lambda$runAndWait$174(PlatformImpl.java:326)
	at com.sun.javafx.application.PlatformImpl.lambda$null$172(PlatformImpl.java:295)
	at java.security.AccessController.doPrivileged(Native Method)
	at com.sun.javafx.application.PlatformImpl.lambda$runLater$173(PlatformImpl.java:294)
	at com.sun.glass.ui.InvokeLaterDispatcher$Future.run(InvokeLaterDispatcher.java:95)
	at com.sun.glass.ui.win.WinApplication._runLoop(Native Method)
	at com.sun.glass.ui.win.WinApplication.lambda$null$147(WinApplication.java:177)
	at java.lang.Thread.run(Thread.java:748)
07/03/2018-13:53:14,706 | INFO [class br.com.sinergia.controller.fxml.main] : SELECT CODUSU, NOMEUSU FROM TSIUSU WHERE CODUSU = 1 
07/03/2018-13:53:14,824 | INFO [class br.com.sinergia.database.conector.DBConn] : DB SourceConnection: ResulSet criado em 44 milisegundo(s) 
07/03/2018-13:53:14,833 | ERROR [class br.com.sinergia.controller.fxml.main] : Erro ao tentar conectar com banco de dados
java.sql.SQLException: Conjunto de resultados após a última linha 
java.sql.SQLException: Conjunto de resultados após a última linha
	at oracle.jdbc.driver.GeneratedScrollableResultSet.getString(GeneratedScrollableResultSet.java:879)
	at br.com.sinergia.controller.fxml.main.start(main.java:37)
	at com.sun.javafx.application.LauncherImpl.lambda$launchApplication1$161(LauncherImpl.java:863)
	at com.sun.javafx.application.PlatformImpl.lambda$runAndWait$174(PlatformImpl.java:326)
	at com.sun.javafx.application.PlatformImpl.lambda$null$172(PlatformImpl.java:295)
	at java.security.AccessController.doPrivileged(Native Method)
	at com.sun.javafx.application.PlatformImpl.lambda$runLater$173(PlatformImpl.java:294)
	at com.sun.glass.ui.InvokeLaterDispatcher$Future.run(InvokeLaterDispatcher.java:95)
	at com.sun.glass.ui.win.WinApplication._runLoop(Native Method)
	at com.sun.glass.ui.win.WinApplication.lambda$null$147(WinApplication.java:177)
	at java.lang.Thread.run(Thread.java:748)
07/03/2018-13:53:39,940 | ERROR [class br.com.sinergia.controller.fxml.main] : Erro ao tentar conectar com banco de dados
java.sql.SQLClientInfoException: Nome para clientInfo inválido ou não suportado. 
java.sql.SQLClientInfoException: Nome para clientInfo inválido ou não suportado.
	at oracle.jdbc.driver.PhysicalConnection.setClientInfoInternal(PhysicalConnection.java:11618)
	at oracle.jdbc.driver.PhysicalConnection.setClientInfo(PhysicalConnection.java:11547)
	at br.com.sinergia.database.conector.DBConn.conecta(DBConn.java:62)
	at br.com.sinergia.database.conector.DBConn.<init>(DBConn.java:27)
	at br.com.sinergia.controller.fxml.main.start(main.java:32)
	at com.sun.javafx.application.LauncherImpl.lambda$launchApplication1$161(LauncherImpl.java:863)
	at com.sun.javafx.application.PlatformImpl.lambda$runAndWait$174(PlatformImpl.java:326)
	at com.sun.javafx.application.PlatformImpl.lambda$null$172(PlatformImpl.java:295)
	at java.security.AccessController.doPrivileged(Native Method)
	at com.sun.javafx.application.PlatformImpl.lambda$runLater$173(PlatformImpl.java:294)
	at com.sun.glass.ui.InvokeLaterDispatcher$Future.run(InvokeLaterDispatcher.java:95)
	at com.sun.glass.ui.win.WinApplication._runLoop(Native Method)
	at com.sun.glass.ui.win.WinApplication.lambda$null$147(WinApplication.java:177)
	at java.lang.Thread.run(Thread.java:748)
07/03/2018-13:54:07,496 | INFO [class br.com.sinergia.controller.fxml.main] : SELECT CODUSU, NOMEUSU FROM TSIUSU WHERE CODUSU = 2 
07/03/2018-13:54:07,622 | INFO [class br.com.sinergia.database.conector.DBConn] : DB SourceConnection: ResulSet criado em 53 milisegundo(s) 
07/03/2018-13:54:07,649 | INFO [class br.com.sinergia.controller.fxml.main] : 2 - ADELCIONE 
07/03/2018-14:10:39,125 | INFO [class br.com.sinergia.controller.fxml.main] : SELECT CODUSU, NOMEUSU FROM TSIUSU WHERE CODUSU = 2 
07/03/2018-14:10:39,247 | INFO [class br.com.sinergia.database.conector.DBConn] : DB SourceConnection: ResulSet criado em 47 milisegundo(s) 
07/03/2018-14:10:39,275 | INFO [class br.com.sinergia.controller.fxml.main] : 2 - ADELCIONE 
07/03/2018-14:10:50,175 | INFO [class br.com.sinergia.controller.fxml.main] : SELECT CODUSU, NOMEUSU FROM TSIUSU WHERE CODUSU = 1 
07/03/2018-14:10:50,296 | INFO [class br.com.sinergia.database.conector.DBConn] : DB SourceConnection: ResulSet criado em 46 milisegundo(s) 
07/03/2018-14:10:50,320 | ERROR [class br.com.sinergia.controller.fxml.main] : Erro ao tentar conectar com banco de dados
java.sql.SQLException: Conjunto de resultados após a última linha 
java.sql.SQLException: Conjunto de resultados após a última linha
	at oracle.jdbc.driver.GeneratedScrollableResultSet.getString(GeneratedScrollableResultSet.java:879)
	at br.com.sinergia.controller.fxml.main.start(main.java:37)
	at com.sun.javafx.application.LauncherImpl.lambda$launchApplication1$161(LauncherImpl.java:863)
	at com.sun.javafx.application.PlatformImpl.lambda$runAndWait$174(PlatformImpl.java:326)
	at com.sun.javafx.application.PlatformImpl.lambda$null$172(PlatformImpl.java:295)
	at java.security.AccessController.doPrivileged(Native Method)
	at com.sun.javafx.application.PlatformImpl.lambda$runLater$173(PlatformImpl.java:294)
	at com.sun.glass.ui.InvokeLaterDispatcher$Future.run(InvokeLaterDispatcher.java:95)
	at com.sun.glass.ui.win.WinApplication._runLoop(Native Method)
	at com.sun.glass.ui.win.WinApplication.lambda$null$147(WinApplication.java:177)
	at java.lang.Thread.run(Thread.java:748)
07/03/2018-15:23:10,141 | ERROR [class br.com.sinergia.controller.fxml.main] : Erro ao tentar conectar com banco de dados
Index: 1, Size: 0 
java.lang.IndexOutOfBoundsException: Index: 1, Size: 0
	at java.util.ArrayList.rangeCheck(ArrayList.java:657)
	at java.util.ArrayList.get(ArrayList.java:433)
	at br.com.sinergia.controller.fxml.main.start(main.java:32)
	at com.sun.javafx.application.LauncherImpl.lambda$launchApplication1$161(LauncherImpl.java:863)
	at com.sun.javafx.application.PlatformImpl.lambda$runAndWait$174(PlatformImpl.java:326)
	at com.sun.javafx.application.PlatformImpl.lambda$null$172(PlatformImpl.java:295)
	at java.security.AccessController.doPrivileged(Native Method)
	at com.sun.javafx.application.PlatformImpl.lambda$runLater$173(PlatformImpl.java:294)
	at com.sun.glass.ui.InvokeLaterDispatcher$Future.run(InvokeLaterDispatcher.java:95)
	at com.sun.glass.ui.win.WinApplication._runLoop(Native Method)
	at com.sun.glass.ui.win.WinApplication.lambda$null$147(WinApplication.java:177)
	at java.lang.Thread.run(Thread.java:748)
07/03/2018-15:23:58,919 | ERROR [class br.com.sinergia.controller.fxml.main] : Erro ao tentar conectar com banco de dados
null 
java.lang.NullPointerException
	at br.com.sinergia.functions.frames.Telas.loadConf(Telas.java:26)
	at br.com.sinergia.controller.fxml.main.start(main.java:31)
	at com.sun.javafx.application.LauncherImpl.lambda$launchApplication1$161(LauncherImpl.java:863)
	at com.sun.javafx.application.PlatformImpl.lambda$runAndWait$174(PlatformImpl.java:326)
	at com.sun.javafx.application.PlatformImpl.lambda$null$172(PlatformImpl.java:295)
	at java.security.AccessController.doPrivileged(Native Method)
	at com.sun.javafx.application.PlatformImpl.lambda$runLater$173(PlatformImpl.java:294)
	at com.sun.glass.ui.InvokeLaterDispatcher$Future.run(InvokeLaterDispatcher.java:95)
	at com.sun.glass.ui.win.WinApplication._runLoop(Native Method)
	at com.sun.glass.ui.win.WinApplication.lambda$null$147(WinApplication.java:177)
	at java.lang.Thread.run(Thread.java:748)
07/03/2018-15:24:14,879 | ERROR [class br.com.sinergia.controller.fxml.main] : Erro ao tentar conectar com banco de dados
For input string: "" 
java.lang.NumberFormatException: For input string: ""
	at java.lang.NumberFormatException.forInputString(NumberFormatException.java:65)
	at java.lang.Integer.parseInt(Integer.java:592)
	at java.lang.Integer.valueOf(Integer.java:766)
	at br.com.sinergia.functions.frames.Telas.loadConf(Telas.java:33)
	at br.com.sinergia.controller.fxml.main.start(main.java:31)
	at com.sun.javafx.application.LauncherImpl.lambda$launchApplication1$161(LauncherImpl.java:863)
	at com.sun.javafx.application.PlatformImpl.lambda$runAndWait$174(PlatformImpl.java:326)
	at com.sun.javafx.application.PlatformImpl.lambda$null$172(PlatformImpl.java:295)
	at java.security.AccessController.doPrivileged(Native Method)
	at com.sun.javafx.application.PlatformImpl.lambda$runLater$173(PlatformImpl.java:294)
	at com.sun.glass.ui.InvokeLaterDispatcher$Future.run(InvokeLaterDispatcher.java:95)
	at com.sun.glass.ui.win.WinApplication._runLoop(Native Method)
	at com.sun.glass.ui.win.WinApplication.lambda$null$147(WinApplication.java:177)
	at java.lang.Thread.run(Thread.java:748)
07/03/2018-15:24:21,974 | ERROR [class br.com.sinergia.controller.fxml.main] : Erro ao tentar conectar com banco de dados
For input string: "" 
java.lang.NumberFormatException: For input string: ""
	at java.lang.NumberFormatException.forInputString(NumberFormatException.java:65)
	at java.lang.Integer.parseInt(Integer.java:592)
	at java.lang.Integer.valueOf(Integer.java:766)
	at br.com.sinergia.functions.frames.Telas.loadConf(Telas.java:33)
	at br.com.sinergia.controller.fxml.main.start(main.java:31)
	at com.sun.javafx.application.LauncherImpl.lambda$launchApplication1$161(LauncherImpl.java:863)
	at com.sun.javafx.application.PlatformImpl.lambda$runAndWait$174(PlatformImpl.java:326)
	at com.sun.javafx.application.PlatformImpl.lambda$null$172(PlatformImpl.java:295)
	at java.security.AccessController.doPrivileged(Native Method)
	at com.sun.javafx.application.PlatformImpl.lambda$runLater$173(PlatformImpl.java:294)
	at com.sun.glass.ui.InvokeLaterDispatcher$Future.run(InvokeLaterDispatcher.java:95)
	at com.sun.glass.ui.win.WinApplication._runLoop(Native Method)
	at com.sun.glass.ui.win.WinApplication.lambda$null$147(WinApplication.java:177)
	at java.lang.Thread.run(Thread.java:748)
07/03/2018-15:24:45,339 | ERROR [class br.com.sinergia.controller.fxml.main] : Erro ao tentar conectar com banco de dados
For input string: "" 
java.lang.NumberFormatException: For input string: ""
	at java.lang.NumberFormatException.forInputString(NumberFormatException.java:65)
	at java.lang.Integer.parseInt(Integer.java:592)
	at java.lang.Integer.valueOf(Integer.java:766)
	at br.com.sinergia.functions.frames.Telas.loadConf(Telas.java:33)
	at br.com.sinergia.controller.fxml.main.start(main.java:31)
	at com.sun.javafx.application.LauncherImpl.lambda$launchApplication1$161(LauncherImpl.java:863)
	at com.sun.javafx.application.PlatformImpl.lambda$runAndWait$174(PlatformImpl.java:326)
	at com.sun.javafx.application.PlatformImpl.lambda$null$172(PlatformImpl.java:295)
	at java.security.AccessController.doPrivileged(Native Method)
	at com.sun.javafx.application.PlatformImpl.lambda$runLater$173(PlatformImpl.java:294)
	at com.sun.glass.ui.InvokeLaterDispatcher$Future.run(InvokeLaterDispatcher.java:95)
	at com.sun.glass.ui.win.WinApplication._runLoop(Native Method)
	at com.sun.glass.ui.win.WinApplication.lambda$null$147(WinApplication.java:177)
	at java.lang.Thread.run(Thread.java:748)
07/03/2018-15:25:00,868 | ERROR [class br.com.sinergia.controller.fxml.main] : Erro ao tentar conectar com banco de dados
null 
java.lang.NullPointerException
	at br.com.sinergia.functions.frames.Telas.loadConf(Telas.java:26)
	at br.com.sinergia.controller.fxml.main.start(main.java:31)
	at com.sun.javafx.application.LauncherImpl.lambda$launchApplication1$161(LauncherImpl.java:863)
	at com.sun.javafx.application.PlatformImpl.lambda$runAndWait$174(PlatformImpl.java:326)
	at com.sun.javafx.application.PlatformImpl.lambda$null$172(PlatformImpl.java:295)
	at java.security.AccessController.doPrivileged(Native Method)
	at com.sun.javafx.application.PlatformImpl.lambda$runLater$173(PlatformImpl.java:294)
	at com.sun.glass.ui.InvokeLaterDispatcher$Future.run(InvokeLaterDispatcher.java:95)
	at com.sun.glass.ui.win.WinApplication._runLoop(Native Method)
	at com.sun.glass.ui.win.WinApplication.lambda$null$147(WinApplication.java:177)
	at java.lang.Thread.run(Thread.java:748)
07/03/2018-15:25:12,061 | ERROR [class br.com.sinergia.controller.fxml.main] : Erro ao tentar conectar com banco de dados
null 
java.lang.NullPointerException
	at br.com.sinergia.functions.frames.Telas.loadConf(Telas.java:26)
	at br.com.sinergia.controller.fxml.main.start(main.java:31)
	at com.sun.javafx.application.LauncherImpl.lambda$launchApplication1$161(LauncherImpl.java:863)
	at com.sun.javafx.application.PlatformImpl.lambda$runAndWait$174(PlatformImpl.java:326)
	at com.sun.javafx.application.PlatformImpl.lambda$null$172(PlatformImpl.java:295)
	at java.security.AccessController.doPrivileged(Native Method)
	at com.sun.javafx.application.PlatformImpl.lambda$runLater$173(PlatformImpl.java:294)
	at com.sun.glass.ui.InvokeLaterDispatcher$Future.run(InvokeLaterDispatcher.java:95)
	at com.sun.glass.ui.win.WinApplication._runLoop(Native Method)
	at com.sun.glass.ui.win.WinApplication.lambda$null$147(WinApplication.java:177)
	at java.lang.Thread.run(Thread.java:748)
07/03/2018-15:27:11,709 | ERROR [class br.com.sinergia.controller.fxml.main] : Erro ao tentar conectar com banco de dados
For input string: "" 
java.lang.NumberFormatException: For input string: ""
	at java.lang.NumberFormatException.forInputString(NumberFormatException.java:65)
	at java.lang.Integer.parseInt(Integer.java:592)
	at java.lang.Integer.valueOf(Integer.java:766)
	at br.com.sinergia.functions.frames.Telas.loadConf(Telas.java:33)
	at br.com.sinergia.controller.fxml.main.start(main.java:31)
	at com.sun.javafx.application.LauncherImpl.lambda$launchApplication1$161(LauncherImpl.java:863)
	at com.sun.javafx.application.PlatformImpl.lambda$runAndWait$174(PlatformImpl.java:326)
	at com.sun.javafx.application.PlatformImpl.lambda$null$172(PlatformImpl.java:295)
	at java.security.AccessController.doPrivileged(Native Method)
	at com.sun.javafx.application.PlatformImpl.lambda$runLater$173(PlatformImpl.java:294)
	at com.sun.glass.ui.InvokeLaterDispatcher$Future.run(InvokeLaterDispatcher.java:95)
	at com.sun.glass.ui.win.WinApplication._runLoop(Native Method)
	at com.sun.glass.ui.win.WinApplication.lambda$null$147(WinApplication.java:177)
	at java.lang.Thread.run(Thread.java:748)
07/03/2018-15:28:10,105 | ERROR [class br.com.sinergia.controller.fxml.main] : Erro ao tentar conectar com banco de dados
For input string: "" 
java.lang.NumberFormatException: For input string: ""
	at java.lang.NumberFormatException.forInputString(NumberFormatException.java:65)
	at java.lang.Integer.parseInt(Integer.java:592)
	at java.lang.Integer.valueOf(Integer.java:766)
	at br.com.sinergia.functions.frames.Telas.loadConf(Telas.java:33)
	at br.com.sinergia.controller.fxml.main.start(main.java:31)
	at com.sun.javafx.application.LauncherImpl.lambda$launchApplication1$161(LauncherImpl.java:863)
	at com.sun.javafx.application.PlatformImpl.lambda$runAndWait$174(PlatformImpl.java:326)
	at com.sun.javafx.application.PlatformImpl.lambda$null$172(PlatformImpl.java:295)
	at java.security.AccessController.doPrivileged(Native Method)
	at com.sun.javafx.application.PlatformImpl.lambda$runLater$173(PlatformImpl.java:294)
	at com.sun.glass.ui.InvokeLaterDispatcher$Future.run(InvokeLaterDispatcher.java:95)
	at com.sun.glass.ui.win.WinApplication._runLoop(Native Method)
	at com.sun.glass.ui.win.WinApplication.lambda$null$147(WinApplication.java:177)
	at java.lang.Thread.run(Thread.java:748)
07/03/2018-15:28:15,484 | ERROR [class br.com.sinergia.controller.fxml.main] : Erro ao tentar conectar com banco de dados
For input string: "" 
java.lang.NumberFormatException: For input string: ""
	at java.lang.NumberFormatException.forInputString(NumberFormatException.java:65)
	at java.lang.Integer.parseInt(Integer.java:592)
	at java.lang.Integer.valueOf(Integer.java:766)
	at br.com.sinergia.functions.frames.Telas.loadConf(Telas.java:33)
	at br.com.sinergia.controller.fxml.main.start(main.java:31)
	at com.sun.javafx.application.LauncherImpl.lambda$launchApplication1$161(LauncherImpl.java:863)
	at com.sun.javafx.application.PlatformImpl.lambda$runAndWait$174(PlatformImpl.java:326)
	at com.sun.javafx.application.PlatformImpl.lambda$null$172(PlatformImpl.java:295)
	at java.security.AccessController.doPrivileged(Native Method)
	at com.sun.javafx.application.PlatformImpl.lambda$runLater$173(PlatformImpl.java:294)
	at com.sun.glass.ui.InvokeLaterDispatcher$Future.run(InvokeLaterDispatcher.java:95)
	at com.sun.glass.ui.win.WinApplication._runLoop(Native Method)
	at com.sun.glass.ui.win.WinApplication.lambda$null$147(WinApplication.java:177)
	at java.lang.Thread.run(Thread.java:748)
07/03/2018-15:41:53,375 | ERROR [class br.com.sinergia.controller.fxml.main] : Erro ao tentar conectar com banco de dados
For input string: "" 
java.lang.NumberFormatException: For input string: ""
	at java.lang.NumberFormatException.forInputString(NumberFormatException.java:65)
	at java.lang.Integer.parseInt(Integer.java:592)
	at java.lang.Integer.valueOf(Integer.java:766)
	at br.com.sinergia.functions.frames.Telas.loadConf(Telas.java:33)
	at br.com.sinergia.controller.fxml.main.start(main.java:31)
	at com.sun.javafx.application.LauncherImpl.lambda$launchApplication1$161(LauncherImpl.java:863)
	at com.sun.javafx.application.PlatformImpl.lambda$runAndWait$174(PlatformImpl.java:326)
	at com.sun.javafx.application.PlatformImpl.lambda$null$172(PlatformImpl.java:295)
	at java.security.AccessController.doPrivileged(Native Method)
	at com.sun.javafx.application.PlatformImpl.lambda$runLater$173(PlatformImpl.java:294)
	at com.sun.glass.ui.InvokeLaterDispatcher$Future.run(InvokeLaterDispatcher.java:95)
	at com.sun.glass.ui.win.WinApplication._runLoop(Native Method)
	at com.sun.glass.ui.win.WinApplication.lambda$null$147(WinApplication.java:177)
	at java.lang.Thread.run(Thread.java:748)
07/03/2018-15:53:18,538 | ERROR [class br.com.sinergia.controller.fxml.main] : Erro ao tentar conectar com banco de dados
null 
java.lang.NullPointerException
	at br.com.sinergia.controller.fxml.main.start(main.java:28)
	at com.sun.javafx.application.LauncherImpl.lambda$launchApplication1$161(LauncherImpl.java:863)
	at com.sun.javafx.application.PlatformImpl.lambda$runAndWait$174(PlatformImpl.java:326)
	at com.sun.javafx.application.PlatformImpl.lambda$null$172(PlatformImpl.java:295)
	at java.security.AccessController.doPrivileged(Native Method)
	at com.sun.javafx.application.PlatformImpl.lambda$runLater$173(PlatformImpl.java:294)
	at com.sun.glass.ui.InvokeLaterDispatcher$Future.run(InvokeLaterDispatcher.java:95)
	at com.sun.glass.ui.win.WinApplication._runLoop(Native Method)
	at com.sun.glass.ui.win.WinApplication.lambda$null$147(WinApplication.java:177)
	at java.lang.Thread.run(Thread.java:748)
07/03/2018-15:53:41,187 | ERROR [class br.com.sinergia.controller.fxml.main] : Erro ao tentar conectar com banco de dados
null 
java.lang.NullPointerException
	at br.com.sinergia.controller.fxml.main.start(main.java:28)
	at com.sun.javafx.application.LauncherImpl.lambda$launchApplication1$161(LauncherImpl.java:863)
	at com.sun.javafx.application.PlatformImpl.lambda$runAndWait$174(PlatformImpl.java:326)
	at com.sun.javafx.application.PlatformImpl.lambda$null$172(PlatformImpl.java:295)
	at java.security.AccessController.doPrivileged(Native Method)
	at com.sun.javafx.application.PlatformImpl.lambda$runLater$173(PlatformImpl.java:294)
	at com.sun.glass.ui.InvokeLaterDispatcher$Future.run(InvokeLaterDispatcher.java:95)
	at com.sun.glass.ui.win.WinApplication._runLoop(Native Method)
	at com.sun.glass.ui.win.WinApplication.lambda$null$147(WinApplication.java:177)
	at java.lang.Thread.run(Thread.java:748)
07/03/2018-15:54:11,850 | ERROR [class br.com.sinergia.controller.fxml.main] : Erro ao tentar conectar com banco de dados
null 
java.lang.NullPointerException
	at br.com.sinergia.controller.fxml.main.start(main.java:28)
	at com.sun.javafx.application.LauncherImpl.lambda$launchApplication1$161(LauncherImpl.java:863)
	at com.sun.javafx.application.PlatformImpl.lambda$runAndWait$174(PlatformImpl.java:326)
	at com.sun.javafx.application.PlatformImpl.lambda$null$172(PlatformImpl.java:295)
	at java.security.AccessController.doPrivileged(Native Method)
	at com.sun.javafx.application.PlatformImpl.lambda$runLater$173(PlatformImpl.java:294)
	at com.sun.glass.ui.InvokeLaterDispatcher$Future.run(InvokeLaterDispatcher.java:95)
	at com.sun.glass.ui.win.WinApplication._runLoop(Native Method)
	at com.sun.glass.ui.win.WinApplication.lambda$null$147(WinApplication.java:177)
	at java.lang.Thread.run(Thread.java:748)
07/03/2018-15:58:45,593 | ERROR [class br.com.sinergia.controller.fxml.main] : Erro ao tentar conectar com banco de dados

/E:/Projetos/Sinergia/out/production/Sinergia/br/com/sinergia/views/fxml/Login.fxml:15
 
javafx.fxml.LoadException: 
/E:/Projetos/Sinergia/out/production/Sinergia/br/com/sinergia/views/fxml/Login.fxml:15

	at javafx.fxml.FXMLLoader.constructLoadException(FXMLLoader.java:2601)
	at javafx.fxml.FXMLLoader.access$700(FXMLLoader.java:103)
	at javafx.fxml.FXMLLoader$ValueElement.processAttribute(FXMLLoader.java:922)
	at javafx.fxml.FXMLLoader$InstanceDeclarationElement.processAttribute(FXMLLoader.java:971)
	at javafx.fxml.FXMLLoader$Element.processStartElement(FXMLLoader.java:220)
	at javafx.fxml.FXMLLoader$ValueElement.processStartElement(FXMLLoader.java:744)
	at javafx.fxml.FXMLLoader.processStartElement(FXMLLoader.java:2707)
	at javafx.fxml.FXMLLoader.loadImpl(FXMLLoader.java:2527)
	at javafx.fxml.FXMLLoader.loadImpl(FXMLLoader.java:2441)
	at javafx.fxml.FXMLLoader.loadImpl(FXMLLoader.java:3214)
	at javafx.fxml.FXMLLoader.loadImpl(FXMLLoader.java:3175)
	at javafx.fxml.FXMLLoader.loadImpl(FXMLLoader.java:3148)
	at javafx.fxml.FXMLLoader.loadImpl(FXMLLoader.java:3124)
	at javafx.fxml.FXMLLoader.loadImpl(FXMLLoader.java:3104)
	at javafx.fxml.FXMLLoader.load(FXMLLoader.java:3097)
	at br.com.sinergia.controller.fxml.main.start(main.java:23)
	at com.sun.javafx.application.LauncherImpl.lambda$launchApplication1$161(LauncherImpl.java:863)
	at com.sun.javafx.application.PlatformImpl.lambda$runAndWait$174(PlatformImpl.java:326)
	at com.sun.javafx.application.PlatformImpl.lambda$null$172(PlatformImpl.java:295)
	at java.security.AccessController.doPrivileged(Native Method)
	at com.sun.javafx.application.PlatformImpl.lambda$runLater$173(PlatformImpl.java:294)
	at com.sun.glass.ui.InvokeLaterDispatcher$Future.run(InvokeLaterDispatcher.java:95)
	at com.sun.glass.ui.win.WinApplication._runLoop(Native Method)
	at com.sun.glass.ui.win.WinApplication.lambda$null$147(WinApplication.java:177)
	at java.lang.Thread.run(Thread.java:748)
Caused by: java.lang.ClassNotFoundException: br.com.sinergia.controllers.fxml.LoginController
	at java.net.URLClassLoader.findClass(URLClassLoader.java:381)
	at java.lang.ClassLoader.loadClass(ClassLoader.java:424)
	at sun.misc.Launcher$AppClassLoader.loadClass(Launcher.java:335)
	at java.lang.ClassLoader.loadClass(ClassLoader.java:357)
	at javafx.fxml.FXMLLoader$ValueElement.processAttribute(FXMLLoader.java:920)
	... 22 more
