10/03/2018-00:02:08,980 | INFO [class br.com.sinergia.controller.fxml.LoginCtrl] : SELECT 1 FROM DUAL 
10/03/2018-00:02:09,203 | INFO [class br.com.sinergia.database.conector.DBConn] : DB SourceConnection: ResulSet criado em 75 milisegundo(s) 
10/03/2018-00:02:09,242 | INFO [class br.com.sinergia.controller.fxml.LoginCtrl] : SELECT USU.ATIVO, USU.CODUSU, USU.NOME, USU.LOGIN, USU.FOTO, USU.PERFIL, USU.SENHA, MD5(?) AS CRYPT,
GET_TSIPAR_T(?, ?) AS VERSAOATUALDB, EMP.CODEMP, EMP.RAZAOSOCIAL, EMP.NOMEFANTASIA, EMP.CNPJ FROM TSIUSU USU
INNER JOIN TSIEMP EMP
ON (USU.CODEMP = EMP.CODEMP)WHERE USU.LOGIN = ? 
10/03/2018-00:02:09,242 | INFO [class br.com.sinergia.controller.fxml.LoginCtrl] : 1º Parâmetro(java.lang.String): (Criptografado) 
10/03/2018-00:02:09,260 | INFO [class br.com.sinergia.controller.fxml.LoginCtrl] : 2º Parâmetro(java.lang.String): VERSAOATUALDB 
10/03/2018-00:02:09,261 | INFO [class br.com.sinergia.controller.fxml.LoginCtrl] : 3º Parâmetro(java.lang.Integer): 0 
10/03/2018-00:02:09,261 | INFO [class br.com.sinergia.controller.fxml.LoginCtrl] : 4º Parâmetro(java.lang.String): MARCELOEV 
10/03/2018-00:02:09,281 | INFO [class br.com.sinergia.database.conector.DBConn] : DB SourceConnection: ResulSet criado em 20 milisegundo(s) 
10/03/2018-00:02:09,373 | INFO [class br.com.sinergia.controller.fxml.LoginCtrl] : SELECT GET_CODSESSAO(?) AS SESSAO FROM DUAL 
10/03/2018-00:02:09,373 | INFO [class br.com.sinergia.controller.fxml.LoginCtrl] : 1º Parâmetro(java.lang.Integer): 1 
10/03/2018-00:02:09,374 | INFO [class br.com.sinergia.database.conector.DBConn] : DB SourceConnection: ResulSet criado em 1 milisegundo(s) 
10/03/2018-00:02:09,395 | INFO [class br.com.sinergia.controller.fxml.LoginCtrl] : INSERT INTO TSISES
(CODSESSAO, CODUSU, DHLOGIN, IPMAQ, NOMEMAQ, VERSAOEXEC)
VALUES
(?, ?, SYSDATE, ?, ?, ?) 
10/03/2018-00:02:09,420 | ERROR [class br.com.sinergia.controller.fxml.LoginCtrl] : Erro ao tentar registrar sessão
Argumento(s) inválido(s) na chamada 
java.lang.Exception: Erro ao tentar registrar sessão
Argumento(s) inválido(s) na chamada
	at br.com.sinergia.controller.fxml.LoginCtrl.registraSessao(LoginCtrl.java:322)
	at br.com.sinergia.controller.fxml.LoginCtrl.autenticarLogin(LoginCtrl.java:218)
	at br.com.sinergia.controller.fxml.LoginCtrl.lambda$propriedades$1(LoginCtrl.java:83)
	at com.sun.javafx.event.CompositeEventHandler.dispatchBubblingEvent(CompositeEventHandler.java:86)
	at com.sun.javafx.event.EventHandlerManager.dispatchBubblingEvent(EventHandlerManager.java:238)
	at com.sun.javafx.event.EventHandlerManager.dispatchBubblingEvent(EventHandlerManager.java:191)
	at com.sun.javafx.event.CompositeEventDispatcher.dispatchBubblingEvent(CompositeEventDispatcher.java:59)
	at com.sun.javafx.event.BasicEventDispatcher.dispatchEvent(BasicEventDispatcher.java:58)
	at com.sun.javafx.event.EventDispatchChainImpl.dispatchEvent(EventDispatchChainImpl.java:114)
	at com.sun.javafx.event.BasicEventDispatcher.dispatchEvent(BasicEventDispatcher.java:56)
	at com.sun.javafx.event.EventDispatchChainImpl.dispatchEvent(EventDispatchChainImpl.java:114)
	at com.sun.javafx.event.BasicEventDispatcher.dispatchEvent(BasicEventDispatcher.java:56)
	at com.sun.javafx.event.EventDispatchChainImpl.dispatchEvent(EventDispatchChainImpl.java:114)
	at com.sun.javafx.event.EventUtil.fireEventImpl(EventUtil.java:74)
	at com.sun.javafx.event.EventUtil.fireEvent(EventUtil.java:49)
	at javafx.event.Event.fireEvent(Event.java:198)
	at javafx.scene.Node.fireEvent(Node.java:8413)
	at com.sun.javafx.scene.control.behavior.TextFieldBehavior.fire(TextFieldBehavior.java:179)
	at com.sun.javafx.scene.control.behavior.TextInputControlBehavior.callAction(TextInputControlBehavior.java:178)
	at com.sun.javafx.scene.control.behavior.BehaviorBase.callActionForEvent(BehaviorBase.java:218)
	at com.sun.javafx.scene.control.behavior.TextInputControlBehavior.callActionForEvent(TextInputControlBehavior.java:127)
	at com.sun.javafx.scene.control.behavior.BehaviorBase.lambda$new$74(BehaviorBase.java:135)
	at com.sun.javafx.event.CompositeEventHandler$NormalEventHandlerRecord.handleBubblingEvent(CompositeEventHandler.java:218)
	at com.sun.javafx.event.CompositeEventHandler.dispatchBubblingEvent(CompositeEventHandler.java:80)
	at com.sun.javafx.event.EventHandlerManager.dispatchBubblingEvent(EventHandlerManager.java:238)
	at com.sun.javafx.event.EventHandlerManager.dispatchBubblingEvent(EventHandlerManager.java:191)
	at com.sun.javafx.event.CompositeEventDispatcher.dispatchBubblingEvent(CompositeEventDispatcher.java:59)
	at com.sun.javafx.event.BasicEventDispatcher.dispatchEvent(BasicEventDispatcher.java:58)
	at com.sun.javafx.event.EventDispatchChainImpl.dispatchEvent(EventDispatchChainImpl.java:114)
	at com.sun.javafx.event.BasicEventDispatcher.dispatchEvent(BasicEventDispatcher.java:56)
	at com.sun.javafx.event.EventDispatchChainImpl.dispatchEvent(EventDispatchChainImpl.java:114)
	at com.sun.javafx.event.BasicEventDispatcher.dispatchEvent(BasicEventDispatcher.java:56)
	at com.sun.javafx.event.EventDispatchChainImpl.dispatchEvent(EventDispatchChainImpl.java:114)
	at com.sun.javafx.event.EventUtil.fireEventImpl(EventUtil.java:74)
	at com.sun.javafx.event.EventUtil.fireEvent(EventUtil.java:54)
	at javafx.event.Event.fireEvent(Event.java:198)
	at javafx.scene.Scene$KeyHandler.process(Scene.java:3964)
	at javafx.scene.Scene$KeyHandler.access$1800(Scene.java:3910)
	at javafx.scene.Scene.impl_processKeyEvent(Scene.java:2040)
	at javafx.scene.Scene$ScenePeerListener.keyEvent(Scene.java:2501)
	at com.sun.javafx.tk.quantum.GlassViewEventHandler$KeyEventNotification.run(GlassViewEventHandler.java:217)
	at com.sun.javafx.tk.quantum.GlassViewEventHandler$KeyEventNotification.run(GlassViewEventHandler.java:149)
	at java.security.AccessController.doPrivileged(Native Method)
	at com.sun.javafx.tk.quantum.GlassViewEventHandler.lambda$handleKeyEvent$352(GlassViewEventHandler.java:248)
	at com.sun.javafx.tk.quantum.QuantumToolkit.runWithoutRenderLock(QuantumToolkit.java:389)
	at com.sun.javafx.tk.quantum.GlassViewEventHandler.handleKeyEvent(GlassViewEventHandler.java:247)
	at com.sun.glass.ui.View.handleKeyEvent(View.java:546)
	at com.sun.glass.ui.View.notifyKey(View.java:966)
	at com.sun.glass.ui.win.WinApplication._runLoop(Native Method)
	at com.sun.glass.ui.win.WinApplication.lambda$null$147(WinApplication.java:177)
	at java.lang.Thread.run(Thread.java:748)
10/03/2018-00:03:11,732 | INFO [class br.com.sinergia.controller.fxml.LoginCtrl] : SELECT 1 FROM DUAL 
10/03/2018-00:03:11,951 | INFO [class br.com.sinergia.database.conector.DBConn] : DB SourceConnection: ResulSet criado em 78 milisegundo(s) 
10/03/2018-00:03:11,989 | INFO [class br.com.sinergia.controller.fxml.LoginCtrl] : SELECT USU.ATIVO, USU.CODUSU, USU.NOME, USU.LOGIN, USU.FOTO, USU.PERFIL, USU.SENHA, MD5(?) AS CRYPT,
GET_TSIPAR_T(?, ?) AS VERSAOATUALDB, EMP.CODEMP, EMP.RAZAOSOCIAL, EMP.NOMEFANTASIA, EMP.CNPJ FROM TSIUSU USU
INNER JOIN TSIEMP EMP
ON (USU.CODEMP = EMP.CODEMP)WHERE USU.LOGIN = ? 
10/03/2018-00:03:11,989 | INFO [class br.com.sinergia.controller.fxml.LoginCtrl] : 1º Parâmetro(java.lang.String): (Criptografado) 
10/03/2018-00:03:11,989 | INFO [class br.com.sinergia.controller.fxml.LoginCtrl] : 2º Parâmetro(java.lang.String): VERSAOATUALDB 
10/03/2018-00:03:11,989 | INFO [class br.com.sinergia.controller.fxml.LoginCtrl] : 3º Parâmetro(java.lang.Integer): 0 
10/03/2018-00:03:11,989 | INFO [class br.com.sinergia.controller.fxml.LoginCtrl] : 4º Parâmetro(java.lang.String): MARCELOEV 
10/03/2018-00:03:12,065 | INFO [class br.com.sinergia.database.conector.DBConn] : DB SourceConnection: ResulSet criado em 75 milisegundo(s) 
10/03/2018-00:03:12,157 | INFO [class br.com.sinergia.controller.fxml.LoginCtrl] : INSERT INTO TSISES
(CODSESSAO, CODUSU, DHLOGIN, IPMAQ, NOMEMAQ, VERSAOEXEC)
VALUES
(?, ?, SYSDATE, ?, ?, ?) 
10/03/2018-00:03:12,177 | ERROR [class br.com.sinergia.controller.fxml.LoginCtrl] : Erro ao tentar registrar sessão
Argumento(s) inválido(s) na chamada 
java.lang.Exception: Erro ao tentar registrar sessão
Argumento(s) inválido(s) na chamada
	at br.com.sinergia.controller.fxml.LoginCtrl.registraSessao(LoginCtrl.java:322)
	at br.com.sinergia.controller.fxml.LoginCtrl.autenticarLogin(LoginCtrl.java:218)
	at br.com.sinergia.controller.fxml.LoginCtrl.lambda$propriedades$1(LoginCtrl.java:83)
	at com.sun.javafx.event.CompositeEventHandler.dispatchBubblingEvent(CompositeEventHandler.java:86)
	at com.sun.javafx.event.EventHandlerManager.dispatchBubblingEvent(EventHandlerManager.java:238)
	at com.sun.javafx.event.EventHandlerManager.dispatchBubblingEvent(EventHandlerManager.java:191)
	at com.sun.javafx.event.CompositeEventDispatcher.dispatchBubblingEvent(CompositeEventDispatcher.java:59)
	at com.sun.javafx.event.BasicEventDispatcher.dispatchEvent(BasicEventDispatcher.java:58)
	at com.sun.javafx.event.EventDispatchChainImpl.dispatchEvent(EventDispatchChainImpl.java:114)
	at com.sun.javafx.event.BasicEventDispatcher.dispatchEvent(BasicEventDispatcher.java:56)
	at com.sun.javafx.event.EventDispatchChainImpl.dispatchEvent(EventDispatchChainImpl.java:114)
	at com.sun.javafx.event.BasicEventDispatcher.dispatchEvent(BasicEventDispatcher.java:56)
	at com.sun.javafx.event.EventDispatchChainImpl.dispatchEvent(EventDispatchChainImpl.java:114)
	at com.sun.javafx.event.EventUtil.fireEventImpl(EventUtil.java:74)
	at com.sun.javafx.event.EventUtil.fireEvent(EventUtil.java:49)
	at javafx.event.Event.fireEvent(Event.java:198)
	at javafx.scene.Node.fireEvent(Node.java:8413)
	at com.sun.javafx.scene.control.behavior.TextFieldBehavior.fire(TextFieldBehavior.java:179)
	at com.sun.javafx.scene.control.behavior.TextInputControlBehavior.callAction(TextInputControlBehavior.java:178)
	at com.sun.javafx.scene.control.behavior.BehaviorBase.callActionForEvent(BehaviorBase.java:218)
	at com.sun.javafx.scene.control.behavior.TextInputControlBehavior.callActionForEvent(TextInputControlBehavior.java:127)
	at com.sun.javafx.scene.control.behavior.BehaviorBase.lambda$new$74(BehaviorBase.java:135)
	at com.sun.javafx.event.CompositeEventHandler$NormalEventHandlerRecord.handleBubblingEvent(CompositeEventHandler.java:218)
	at com.sun.javafx.event.CompositeEventHandler.dispatchBubblingEvent(CompositeEventHandler.java:80)
	at com.sun.javafx.event.EventHandlerManager.dispatchBubblingEvent(EventHandlerManager.java:238)
	at com.sun.javafx.event.EventHandlerManager.dispatchBubblingEvent(EventHandlerManager.java:191)
	at com.sun.javafx.event.CompositeEventDispatcher.dispatchBubblingEvent(CompositeEventDispatcher.java:59)
	at com.sun.javafx.event.BasicEventDispatcher.dispatchEvent(BasicEventDispatcher.java:58)
	at com.sun.javafx.event.EventDispatchChainImpl.dispatchEvent(EventDispatchChainImpl.java:114)
	at com.sun.javafx.event.BasicEventDispatcher.dispatchEvent(BasicEventDispatcher.java:56)
	at com.sun.javafx.event.EventDispatchChainImpl.dispatchEvent(EventDispatchChainImpl.java:114)
	at com.sun.javafx.event.BasicEventDispatcher.dispatchEvent(BasicEventDispatcher.java:56)
	at com.sun.javafx.event.EventDispatchChainImpl.dispatchEvent(EventDispatchChainImpl.java:114)
	at com.sun.javafx.event.EventUtil.fireEventImpl(EventUtil.java:74)
	at com.sun.javafx.event.EventUtil.fireEvent(EventUtil.java:54)
	at javafx.event.Event.fireEvent(Event.java:198)
	at javafx.scene.Scene$KeyHandler.process(Scene.java:3964)
	at javafx.scene.Scene$KeyHandler.access$1800(Scene.java:3910)
	at javafx.scene.Scene.impl_processKeyEvent(Scene.java:2040)
	at javafx.scene.Scene$ScenePeerListener.keyEvent(Scene.java:2501)
	at com.sun.javafx.tk.quantum.GlassViewEventHandler$KeyEventNotification.run(GlassViewEventHandler.java:217)
	at com.sun.javafx.tk.quantum.GlassViewEventHandler$KeyEventNotification.run(GlassViewEventHandler.java:149)
	at java.security.AccessController.doPrivileged(Native Method)
	at com.sun.javafx.tk.quantum.GlassViewEventHandler.lambda$handleKeyEvent$352(GlassViewEventHandler.java:248)
	at com.sun.javafx.tk.quantum.QuantumToolkit.runWithoutRenderLock(QuantumToolkit.java:389)
	at com.sun.javafx.tk.quantum.GlassViewEventHandler.handleKeyEvent(GlassViewEventHandler.java:247)
	at com.sun.glass.ui.View.handleKeyEvent(View.java:546)
	at com.sun.glass.ui.View.notifyKey(View.java:966)
	at com.sun.glass.ui.win.WinApplication._runLoop(Native Method)
	at com.sun.glass.ui.win.WinApplication.lambda$null$147(WinApplication.java:177)
	at java.lang.Thread.run(Thread.java:748)
10/03/2018-00:05:41,115 | INFO [class br.com.sinergia.controller.fxml.LoginCtrl] : SELECT 1 FROM DUAL 
10/03/2018-00:05:41,325 | INFO [class br.com.sinergia.database.conector.DBConn] : DB SourceConnection: ResulSet criado em 69 milisegundo(s) 
10/03/2018-00:05:41,362 | INFO [class br.com.sinergia.controller.fxml.LoginCtrl] : SELECT USU.ATIVO, USU.CODUSU, USU.NOME, USU.LOGIN, USU.FOTO, USU.PERFIL, USU.SENHA, MD5(?) AS CRYPT,
GET_TSIPAR_T(?, ?) AS VERSAOATUALDB, EMP.CODEMP, EMP.RAZAOSOCIAL, EMP.NOMEFANTASIA, EMP.CNPJ FROM TSIUSU USU
INNER JOIN TSIEMP EMP
ON (USU.CODEMP = EMP.CODEMP)WHERE USU.LOGIN = ? 
10/03/2018-00:05:41,362 | INFO [class br.com.sinergia.controller.fxml.LoginCtrl] : 1º Parâmetro(java.lang.String): (Criptografado) 
10/03/2018-00:05:41,363 | INFO [class br.com.sinergia.controller.fxml.LoginCtrl] : 2º Parâmetro(java.lang.String): VERSAOATUALDB 
10/03/2018-00:05:41,363 | INFO [class br.com.sinergia.controller.fxml.LoginCtrl] : 3º Parâmetro(java.lang.Integer): 0 
10/03/2018-00:05:41,363 | INFO [class br.com.sinergia.controller.fxml.LoginCtrl] : 4º Parâmetro(java.lang.String): MARCELOEV 
10/03/2018-00:05:41,386 | INFO [class br.com.sinergia.database.conector.DBConn] : DB SourceConnection: ResulSet criado em 23 milisegundo(s) 
10/03/2018-00:05:41,433 | INFO [class br.com.sinergia.controller.fxml.LoginCtrl] : SELECT GET_CODSESSAO(?) AS SESSAO FROM DUAL 
10/03/2018-00:05:41,433 | INFO [class br.com.sinergia.controller.fxml.LoginCtrl] : 1º Parâmetro(java.lang.Integer): 1 
10/03/2018-00:05:41,437 | INFO [class br.com.sinergia.database.conector.DBConn] : DB SourceConnection: ResulSet criado em 4 milisegundo(s) 
10/03/2018-00:05:41,456 | ERROR [class br.com.sinergia.controller.fxml.LoginCtrl] : Erro ao tentar registrar sessão
Argumento(s) inválido(s) na chamada 
java.lang.Exception: Erro ao tentar registrar sessão
Argumento(s) inválido(s) na chamada
	at br.com.sinergia.controller.fxml.LoginCtrl.registraSessao(LoginCtrl.java:321)
	at br.com.sinergia.controller.fxml.LoginCtrl.autenticarLogin(LoginCtrl.java:218)
	at br.com.sinergia.controller.fxml.LoginCtrl.lambda$propriedades$1(LoginCtrl.java:83)
	at com.sun.javafx.event.CompositeEventHandler.dispatchBubblingEvent(CompositeEventHandler.java:86)
	at com.sun.javafx.event.EventHandlerManager.dispatchBubblingEvent(EventHandlerManager.java:238)
	at com.sun.javafx.event.EventHandlerManager.dispatchBubblingEvent(EventHandlerManager.java:191)
	at com.sun.javafx.event.CompositeEventDispatcher.dispatchBubblingEvent(CompositeEventDispatcher.java:59)
	at com.sun.javafx.event.BasicEventDispatcher.dispatchEvent(BasicEventDispatcher.java:58)
	at com.sun.javafx.event.EventDispatchChainImpl.dispatchEvent(EventDispatchChainImpl.java:114)
	at com.sun.javafx.event.BasicEventDispatcher.dispatchEvent(BasicEventDispatcher.java:56)
	at com.sun.javafx.event.EventDispatchChainImpl.dispatchEvent(EventDispatchChainImpl.java:114)
	at com.sun.javafx.event.BasicEventDispatcher.dispatchEvent(BasicEventDispatcher.java:56)
	at com.sun.javafx.event.EventDispatchChainImpl.dispatchEvent(EventDispatchChainImpl.java:114)
	at com.sun.javafx.event.EventUtil.fireEventImpl(EventUtil.java:74)
	at com.sun.javafx.event.EventUtil.fireEvent(EventUtil.java:49)
	at javafx.event.Event.fireEvent(Event.java:198)
	at javafx.scene.Node.fireEvent(Node.java:8413)
	at com.sun.javafx.scene.control.behavior.TextFieldBehavior.fire(TextFieldBehavior.java:179)
	at com.sun.javafx.scene.control.behavior.TextInputControlBehavior.callAction(TextInputControlBehavior.java:178)
	at com.sun.javafx.scene.control.behavior.BehaviorBase.callActionForEvent(BehaviorBase.java:218)
	at com.sun.javafx.scene.control.behavior.TextInputControlBehavior.callActionForEvent(TextInputControlBehavior.java:127)
	at com.sun.javafx.scene.control.behavior.BehaviorBase.lambda$new$74(BehaviorBase.java:135)
	at com.sun.javafx.event.CompositeEventHandler$NormalEventHandlerRecord.handleBubblingEvent(CompositeEventHandler.java:218)
	at com.sun.javafx.event.CompositeEventHandler.dispatchBubblingEvent(CompositeEventHandler.java:80)
	at com.sun.javafx.event.EventHandlerManager.dispatchBubblingEvent(EventHandlerManager.java:238)
	at com.sun.javafx.event.EventHandlerManager.dispatchBubblingEvent(EventHandlerManager.java:191)
	at com.sun.javafx.event.CompositeEventDispatcher.dispatchBubblingEvent(CompositeEventDispatcher.java:59)
	at com.sun.javafx.event.BasicEventDispatcher.dispatchEvent(BasicEventDispatcher.java:58)
	at com.sun.javafx.event.EventDispatchChainImpl.dispatchEvent(EventDispatchChainImpl.java:114)
	at com.sun.javafx.event.BasicEventDispatcher.dispatchEvent(BasicEventDispatcher.java:56)
	at com.sun.javafx.event.EventDispatchChainImpl.dispatchEvent(EventDispatchChainImpl.java:114)
	at com.sun.javafx.event.BasicEventDispatcher.dispatchEvent(BasicEventDispatcher.java:56)
	at com.sun.javafx.event.EventDispatchChainImpl.dispatchEvent(EventDispatchChainImpl.java:114)
	at com.sun.javafx.event.EventUtil.fireEventImpl(EventUtil.java:74)
	at com.sun.javafx.event.EventUtil.fireEvent(EventUtil.java:54)
	at javafx.event.Event.fireEvent(Event.java:198)
	at javafx.scene.Scene$KeyHandler.process(Scene.java:3964)
	at javafx.scene.Scene$KeyHandler.access$1800(Scene.java:3910)
	at javafx.scene.Scene.impl_processKeyEvent(Scene.java:2040)
	at javafx.scene.Scene$ScenePeerListener.keyEvent(Scene.java:2501)
	at com.sun.javafx.tk.quantum.GlassViewEventHandler$KeyEventNotification.run(GlassViewEventHandler.java:217)
	at com.sun.javafx.tk.quantum.GlassViewEventHandler$KeyEventNotification.run(GlassViewEventHandler.java:149)
	at java.security.AccessController.doPrivileged(Native Method)
	at com.sun.javafx.tk.quantum.GlassViewEventHandler.lambda$handleKeyEvent$352(GlassViewEventHandler.java:248)
	at com.sun.javafx.tk.quantum.QuantumToolkit.runWithoutRenderLock(QuantumToolkit.java:389)
	at com.sun.javafx.tk.quantum.GlassViewEventHandler.handleKeyEvent(GlassViewEventHandler.java:247)
	at com.sun.glass.ui.View.handleKeyEvent(View.java:546)
	at com.sun.glass.ui.View.notifyKey(View.java:966)
	at com.sun.glass.ui.win.WinApplication._runLoop(Native Method)
	at com.sun.glass.ui.win.WinApplication.lambda$null$147(WinApplication.java:177)
	at java.lang.Thread.run(Thread.java:748)
